#-----------------------------------------------------------
# Webtalk v2018.3 (64-bit)
# SW Build 2405991 on Thu Dec  6 23:36:41 MST 2018
# 
# Start of session at: Thu Jan 14 12:57:23 2021
# Process ID: 15463
# Current directory: /home/ylxiao/ws_201/config/u96_pr/u96_pr.sdk/webtalk
# Command line: wbtcv -mode batch -source sdk_webtalk.tcl
# Log file: /home/ylxiao/ws_201/config/u96_pr/u96_pr.sdk/webtalk/webtalk.log
# Journal file: /home/ylxiao/ws_201/config/u96_pr/u96_pr.sdk/webtalk/webtalk.jou
#-----------------------------------------------------------
source sdk_webtalk.tcl
# webtalk_init -webtalk_dir /home/ylxiao/ws_201/config/u96_pr/u96_pr.sdk/webtalk
# webtalk_register_client -client project
# webtalk_add_data -client project -key date_generated -value "2021-01-14 12:57:22" -context "software_version_and_target_device"
# webtalk_add_data -client project -key product_version -value "SDK v2018.3" -context "software_version_and_target_device"
# webtalk_add_data -client project -key build_version -value "2018.3" -context "software_version_and_target_device"
# webtalk_add_data -client project -key os_platform -value "amd64" -context "software_version_and_target_device"
# webtalk_add_data -client project -key registration_id -value "176037699_176235852_210651482_044" -context "software_version_and_target_device"
# webtalk_add_data -client project -key tool_flow -value "SDK" -context "software_version_and_target_device"
# webtalk_add_data -client project -key beta -value "false" -context "software_version_and_target_device"
# webtalk_add_data -client project -key route_design -value "NA" -context "software_version_and_target_device"
# webtalk_add_data -client project -key target_family -value "NA" -context "software_version_and_target_device"
# webtalk_add_data -client project -key target_device -value "NA" -context "software_version_and_target_device"
# webtalk_add_data -client project -key target_package -value "NA" -context "software_version_and_target_device"
# webtalk_add_data -client project -key target_speed -value "NA" -context "software_version_and_target_device"
# webtalk_add_data -client project -key random_id -value "58rr7i28oob4hts87m1jfvmbv0" -context "software_version_and_target_device"
# webtalk_add_data -client project -key project_id -value "2018.3_1" -context "software_version_and_target_device"
# webtalk_add_data -client project -key project_iteration -value "1" -context "software_version_and_target_device"
# webtalk_add_data -client project -key os_name -value "Ubuntu" -context "user_environment"
# webtalk_add_data -client project -key os_release -value "Ubuntu 18.04.2 LTS" -context "user_environment"
# webtalk_add_data -client project -key cpu_name -value "Intel(R) Core(TM) i7-7700 CPU @ 3.60GHz" -context "user_environment"
# webtalk_add_data -client project -key cpu_speed -value "2651.297 MHz" -context "user_environment"
# webtalk_add_data -client project -key total_processors -value "1" -context "user_environment"
# webtalk_add_data -client project -key system_ram -value "33.555 GB" -context "user_environment"
# webtalk_register_client -client sdk
# webtalk_add_data -client sdk -key uid -value "1610642772000" -context "sdk\\\\hardware/1610642772000"
# webtalk_add_data -client sdk -key isZynq -value "false" -context "sdk\\\\hardware/1610642772000"
# webtalk_add_data -client sdk -key isZynqMP -value "true" -context "sdk\\\\hardware/1610642772000"
# webtalk_add_data -client sdk -key Processors -value "7" -context "sdk\\\\hardware/1610642772000"
# webtalk_add_data -client sdk -key VivadoVersion -value "2018.3" -context "sdk\\\\hardware/1610642772000"
# webtalk_add_data -client sdk -key Arch -value "zynquplus" -context "sdk\\\\hardware/1610642772000"
# webtalk_add_data -client sdk -key Device -value "xczu3eg" -context "sdk\\\\hardware/1610642772000"
# webtalk_add_data -client sdk -key IsHandoff -value "true" -context "sdk\\\\hardware/1610642772000"
# webtalk_add_data -client sdk -key os -value "NA" -context "sdk\\\\hardware/1610642772000"
# webtalk_add_data -client sdk -key apptemplate -value "NA" -context "sdk\\\\hardware/1610642772000"
# webtalk_add_data -client sdk -key RecordType -value "HWCreation" -context "sdk\\\\hardware/1610642772000"
# webtalk_add_data -client sdk -key uid -value "1610642798000" -context "sdk\\\\bsp/1610642798000"
# webtalk_add_data -client sdk -key hwid -value "1610642772000" -context "sdk\\\\bsp/1610642798000"
# webtalk_add_data -client sdk -key os -value "standalone" -context "sdk\\\\bsp/1610642798000"
# webtalk_add_data -client sdk -key apptemplate -value "empty_application" -context "sdk\\\\bsp/1610642798000"
# webtalk_add_data -client sdk -key RecordType -value "BSPCreation" -context "sdk\\\\bsp/1610642798000"
# webtalk_add_data -client sdk -key uid -value "1610642801000" -context "sdk\\\\application/1610642801000"
# webtalk_add_data -client sdk -key hwid -value "1610642772000" -context "sdk\\\\application/1610642801000"
# webtalk_add_data -client sdk -key bspid -value "1610642798000" -context "sdk\\\\application/1610642801000"
# webtalk_add_data -client sdk -key newbsp -value "true" -context "sdk\\\\application/1610642801000"
# webtalk_add_data -client sdk -key os -value "standalone" -context "sdk\\\\application/1610642801000"
# webtalk_add_data -client sdk -key apptemplate -value "empty_application" -context "sdk\\\\application/1610642801000"
# webtalk_add_data -client sdk -key RecordType -value "APPCreation" -context "sdk\\\\application/1610642801000"
# webtalk_add_data -client sdk -key LangUsed -value "CPP" -context "sdk\\\\application/1610642801000"
# webtalk_add_data -client sdk -key Procused -value "psu_cortexa53" -context "sdk\\\\application/1610642801000"
# webtalk_add_data -client sdk -key projSize -value "321.140625" -context "sdk\\\\application/1610642801000"
# webtalk_add_data -client sdk -key uid -value "NA" -context "sdk\\\\bsp/1610647042479"
# webtalk_add_data -client sdk -key RecordType -value "ToolUsage" -context "sdk\\\\bsp/1610647042479"
# webtalk_add_data -client sdk -key BootgenCount -value "0" -context "sdk\\\\bsp/1610647042479"
# webtalk_add_data -client sdk -key DebugCount -value "14" -context "sdk\\\\bsp/1610647042479"
# webtalk_add_data -client sdk -key PerfCount -value "0" -context "sdk\\\\bsp/1610647042479"
# webtalk_add_data -client sdk -key FlashCount -value "0" -context "sdk\\\\bsp/1610647042479"
# webtalk_add_data -client sdk -key CrossTriggCount -value "0" -context "sdk\\\\bsp/1610647042479"
# webtalk_add_data -client sdk -key QemuDebugCount -value "0" -context "sdk\\\\bsp/1610647042479"
# webtalk_transmit -clientid 3975550139 -regid "176037699_176235852_210651482_044" -xml /home/ylxiao/ws_201/config/u96_pr/u96_pr.sdk/webtalk/usage_statistics_ext_sdk.xml -html /home/ylxiao/ws_201/config/u96_pr/u96_pr.sdk/webtalk/usage_statistics_ext_sdk.html -wdm /home/ylxiao/ws_201/config/u96_pr/u96_pr.sdk/webtalk/sdk_webtalk.wdm -intro "<H3>SDK Usage Report</H3><BR>"
# webtalk_terminate
INFO: [Common 17-206] Exiting Webtalk at Thu Jan 14 12:57:23 2021...
