#-----------------------------------------------------------
# Vivado v2018.3 (64-bit)
# SW Build 2405991 on Thu Dec  6 23:36:41 MST 2018
# IP Build 2404404 on Fri Dec  7 01:43:56 MST 2018
# Start of session at: Wed Jan 20 14:51:29 2021
# Process ID: 7309
# Current directory: /home/ylxiao/ws_183/BERT/pr_example_for_BERT/pr_page
# Command line: vivado -mode batch -source download_add.tcl
# Log file: /home/ylxiao/ws_183/BERT/pr_example_for_BERT/pr_page/vivado.log
# Journal file: /home/ylxiao/ws_183/BERT/pr_example_for_BERT/pr_page/vivado.jou
#-----------------------------------------------------------
source download_add.tcl
# open_hw
# connect_hw_server
INFO: [Labtools 27-2285] Connecting to hw_server url TCP:localhost:3121
# open_hw_target
INFO: [Labtoolstcl 44-466] Opening hw_target localhost:3121/xilinx_tcf/Digilent/210308A5EE19
# current_hw_device [get_hw_devices xczu9_0]
# set_property PROBES.FILE {} [get_hw_devices xczu9_0]
# set_property FULL_PROBES.FILE {} [get_hw_devices xczu9_0]
# set_property PROGRAM.FILE {../overlay/main.bit} [get_hw_devices xczu9_0]
# program_hw_devices [get_hw_devices xczu9_0]
INFO: [Labtools 27-3164] End of startup status: HIGH
program_hw_devices: Time (s): cpu = 00:00:15 ; elapsed = 00:00:15 . Memory (MB): peak = 1376.848 ; gain = 0.000 ; free physical = 15649 ; free virtual = 25249
# refresh_hw_device [lindex [get_hw_devices xczu9_0] 0]
INFO: [Labtools 27-1434] Device xczu9 (JTAG device index = 0) is programmed with a design that has no supported debug core(s) in it.
# set_property PROBES.FILE {} [get_hw_devices xczu9_0]
# set_property FULL_PROBES.FILE {} [get_hw_devices xczu9_0]
# set_property PROGRAM.FILE {./add.bit} [get_hw_devices xczu9_0]
# program_hw_devices [get_hw_devices xczu9_0]
INFO: [Labtools 27-3164] End of startup status: HIGH
# refresh_hw_device [lindex [get_hw_devices xczu9_0] 0]
INFO: [Labtools 27-1434] Device xczu9 (JTAG device index = 0) is programmed with a design that has no supported debug core(s) in it.
INFO: [Common 17-206] Exiting Vivado at Wed Jan 20 14:51:55 2021...
